[debug] [2026-04-08T12:10:04.682Z] ----------------------------------------------------------------------
[debug] [2026-04-08T12:10:04.684Z] Command:       C:\Program Files\nodejs\node.exe C:\Users\LENOVO\AppData\Roaming\npm\node_modules\firebase-tools\lib\bin\firebase.js projects:list --json
[debug] [2026-04-08T12:10:04.685Z] CLI Version:   14.17.0
[debug] [2026-04-08T12:10:04.685Z] Platform:      win32
[debug] [2026-04-08T12:10:04.685Z] Node Version:  v24.14.1
[debug] [2026-04-08T12:10:04.685Z] Time:          Wed Apr 08 2026 17:40:04 GMT+0530 (India Standard Time)
[debug] [2026-04-08T12:10:04.685Z] ----------------------------------------------------------------------
[debug] 
[debug] [2026-04-08T12:10:04.689Z] > command requires scopes: ["email","openid","https://www.googleapis.com/auth/cloudplatformprojects.readonly","https://www.googleapis.com/auth/firebase","https://www.googleapis.com/auth/cloud-platform"]
[debug] [2026-04-08T12:10:04.689Z] > authorizing via signed-in user (shahabhishek409@gmail.com)
[debug] [2026-04-08T12:10:04.691Z] Checked if tokens are valid: false, expires at: 1758546443277
[debug] [2026-04-08T12:10:04.692Z] Checked if tokens are valid: false, expires at: 1758546443277
[debug] [2026-04-08T12:10:04.692Z] > refreshing access token with scopes: []
[debug] [2026-04-08T12:10:04.693Z] >>> [apiv2][query] POST https://www.googleapis.com/oauth2/v3/token [none]
[debug] [2026-04-08T12:10:04.693Z] >>> [apiv2][body] POST https://www.googleapis.com/oauth2/v3/token [omitted]
[debug] [2026-04-08T12:10:04.945Z] <<< [apiv2][status] POST https://www.googleapis.com/oauth2/v3/token 400
[debug] [2026-04-08T12:10:04.945Z] <<< [apiv2][body] POST https://www.googleapis.com/oauth2/v3/token [omitted]
[debug] [2026-04-08T12:10:04.945Z] >>> [apiv2][query] GET https://firebase.googleapis.com/v1beta1/projects pageSize=1000
[debug] [2026-04-08T12:10:05.363Z] <<< [apiv2][status] GET https://firebase.googleapis.com/v1beta1/projects 401
[debug] [2026-04-08T12:10:05.363Z] <<< [apiv2][body] GET https://firebase.googleapis.com/v1beta1/projects [omitted]
[debug] [2026-04-08T12:10:05.363Z] Got a 401 Unauthenticated error for a call that required authentication. Refreshing tokens.
[debug] [2026-04-08T12:10:05.363Z] Checked if tokens are valid: false, expires at: 1758546443277
[debug] [2026-04-08T12:10:05.363Z] Checked if tokens are valid: false, expires at: 1758546443277
[debug] [2026-04-08T12:10:05.363Z] > refreshing access token with scopes: []
[debug] [2026-04-08T12:10:05.364Z] >>> [apiv2][query] POST https://www.googleapis.com/oauth2/v3/token [none]
[debug] [2026-04-08T12:10:05.364Z] >>> [apiv2][body] POST https://www.googleapis.com/oauth2/v3/token [omitted]
[debug] [2026-04-08T12:10:05.484Z] <<< [apiv2][status] POST https://www.googleapis.com/oauth2/v3/token 400
[debug] [2026-04-08T12:10:05.484Z] <<< [apiv2][body] POST https://www.googleapis.com/oauth2/v3/token [omitted]
[debug] [2026-04-08T12:10:05.485Z] Request to https://firebase.googleapis.com/v1beta1/projects?pageSize=1000 had HTTP Error: 401, Request had invalid authentication credentials. Expected OAuth 2 access token, login cookie or other valid authentication credential. See https://developers.google.com/identity/sign-in/web/devconsole-project.
[debug] [2026-04-08T12:10:05.772Z] FirebaseError: Request to https://firebase.googleapis.com/v1beta1/projects?pageSize=1000 had HTTP Error: 401, Request had invalid authentication credentials. Expected OAuth 2 access token, login cookie or other valid authentication credential. See https://developers.google.com/identity/sign-in/web/devconsole-project.
    at responseToError (C:\Users\LENOVO\AppData\Roaming\npm\node_modules\firebase-tools\lib\responseToError.js:52:12)
    at RetryOperation._fn (C:\Users\LENOVO\AppData\Roaming\npm\node_modules\firebase-tools\lib\apiv2.js:312:77)
    at process.processTicksAndRejections (node:internal/process/task_queues:104:5)
[error] 
[error] Error: Failed to list Firebase projects. See firebase-debug.log for more info.
[debug] [2026-04-08T12:10:34.597Z] ----------------------------------------------------------------------
[debug] [2026-04-08T12:10:34.599Z] Command:       C:\Program Files\nodejs\node.exe C:\Users\LENOVO\AppData\Roaming\npm\node_modules\firebase-tools\lib\bin\firebase.js projects:create tictactoe-abs --json
[debug] [2026-04-08T12:10:34.600Z] CLI Version:   14.17.0
[debug] [2026-04-08T12:10:34.600Z] Platform:      win32
[debug] [2026-04-08T12:10:34.600Z] Node Version:  v24.14.1
[debug] [2026-04-08T12:10:34.600Z] Time:          Wed Apr 08 2026 17:40:34 GMT+0530 (India Standard Time)
[debug] [2026-04-08T12:10:34.600Z] ----------------------------------------------------------------------
[debug] 
[debug] [2026-04-08T12:10:34.604Z] > command requires scopes: ["email","openid","https://www.googleapis.com/auth/cloudplatformprojects.readonly","https://www.googleapis.com/auth/firebase","https://www.googleapis.com/auth/cloud-platform"]
[debug] [2026-04-08T12:10:34.604Z] > authorizing via signed-in user (shahabhishek409@gmail.com)
[debug] [2026-04-08T12:10:34.606Z] Checked if tokens are valid: false, expires at: 1758546443277
[debug] [2026-04-08T12:10:34.606Z] Checked if tokens are valid: false, expires at: 1758546443277
[debug] [2026-04-08T12:10:34.607Z] > refreshing access token with scopes: []
[debug] [2026-04-08T12:10:34.608Z] >>> [apiv2][query] POST https://www.googleapis.com/oauth2/v3/token [none]
[debug] [2026-04-08T12:10:34.608Z] >>> [apiv2][body] POST https://www.googleapis.com/oauth2/v3/token [omitted]
[debug] [2026-04-08T12:10:34.957Z] <<< [apiv2][status] POST https://www.googleapis.com/oauth2/v3/token 400
[debug] [2026-04-08T12:10:34.957Z] <<< [apiv2][body] POST https://www.googleapis.com/oauth2/v3/token [omitted]
[debug] [2026-04-08T12:10:34.957Z] >>> [apiv2][query] POST https://cloudresourcemanager.googleapis.com/v1/projects [none]
[debug] [2026-04-08T12:10:34.957Z] >>> [apiv2][body] POST https://cloudresourcemanager.googleapis.com/v1/projects {"projectId":"tictactoe-abs","name":"tictactoe-abs"}
[debug] [2026-04-08T12:10:36.490Z] <<< [apiv2][status] POST https://cloudresourcemanager.googleapis.com/v1/projects 401
[debug] [2026-04-08T12:10:36.490Z] <<< [apiv2][body] POST https://cloudresourcemanager.googleapis.com/v1/projects {"error":{"code":401,"message":"Request had invalid authentication credentials. Expected OAuth 2 access token, login cookie or other valid authentication credential. See https://developers.google.com/identity/sign-in/web/devconsole-project.","status":"UNAUTHENTICATED","details":[{"@type":"type.googleapis.com/google.rpc.ErrorInfo","reason":"ACCESS_TOKEN_TYPE_UNSUPPORTED","metadata":{"method":"google.cloudresourcemanager.v1.Projects.CreateProject","service":"cloudresourcemanager.googleapis.com"}}]}}
[debug] [2026-04-08T12:10:36.490Z] Got a 401 Unauthenticated error for a call that required authentication. Refreshing tokens.
[debug] [2026-04-08T12:10:36.491Z] Checked if tokens are valid: false, expires at: 1758546443277
[debug] [2026-04-08T12:10:36.491Z] Checked if tokens are valid: false, expires at: 1758546443277
[debug] [2026-04-08T12:10:36.491Z] > refreshing access token with scopes: []
[debug] [2026-04-08T12:10:36.491Z] >>> [apiv2][query] POST https://www.googleapis.com/oauth2/v3/token [none]
[debug] [2026-04-08T12:10:36.491Z] >>> [apiv2][body] POST https://www.googleapis.com/oauth2/v3/token [omitted]
[debug] [2026-04-08T12:10:36.871Z] <<< [apiv2][status] POST https://www.googleapis.com/oauth2/v3/token 400
[debug] [2026-04-08T12:10:36.871Z] <<< [apiv2][body] POST https://www.googleapis.com/oauth2/v3/token [omitted]
[debug] [2026-04-08T12:10:37.277Z] FirebaseError: Request to https://cloudresourcemanager.googleapis.com/v1/projects had HTTP Error: 401, Request had invalid authentication credentials. Expected OAuth 2 access token, login cookie or other valid authentication credential. See https://developers.google.com/identity/sign-in/web/devconsole-project.
    at responseToError (C:\Users\LENOVO\AppData\Roaming\npm\node_modules\firebase-tools\lib\responseToError.js:52:12)
    at RetryOperation._fn (C:\Users\LENOVO\AppData\Roaming\npm\node_modules\firebase-tools\lib\apiv2.js:312:77)
    at process.processTicksAndRejections (node:internal/process/task_queues:104:5)
[error] 
[error] Error: Failed to create project. See firebase-debug.log for more info.
